15-Nov-2018 00:29:31.572 INFO [main] org.apache.catalina.startup.VersionLoggerListener.log Server version:        Apache Tomcat/8.5.35
15-Nov-2018 00:29:31.576 INFO [main] org.apache.catalina.startup.VersionLoggerListener.log Server built:          Nov 3 2018 17:39:20 UTC
15-Nov-2018 00:29:31.576 INFO [main] org.apache.catalina.startup.VersionLoggerListener.log Server number:         8.5.35.0
15-Nov-2018 00:29:31.576 INFO [main] org.apache.catalina.startup.VersionLoggerListener.log OS Name:               Linux
15-Nov-2018 00:29:31.576 INFO [main] org.apache.catalina.startup.VersionLoggerListener.log OS Version:            4.9.93-linuxkit-aufs
15-Nov-2018 00:29:31.576 INFO [main] org.apache.catalina.startup.VersionLoggerListener.log Architecture:          amd64
15-Nov-2018 00:29:31.576 INFO [main] org.apache.catalina.startup.VersionLoggerListener.log Java Home:             /usr/lib/jvm/java-8-openjdk-amd64/jre
15-Nov-2018 00:29:31.576 INFO [main] org.apache.catalina.startup.VersionLoggerListener.log JVM Version:           1.8.0_181-8u181-b13-2~deb9u1-b13
15-Nov-2018 00:29:31.576 INFO [main] org.apache.catalina.startup.VersionLoggerListener.log JVM Vendor:            Oracle Corporation
15-Nov-2018 00:29:31.576 INFO [main] org.apache.catalina.startup.VersionLoggerListener.log CATALINA_BASE:         /usr/local/tomcat
15-Nov-2018 00:29:31.577 INFO [main] org.apache.catalina.startup.VersionLoggerListener.log CATALINA_HOME:         /usr/local/tomcat
15-Nov-2018 00:29:31.577 INFO [main] org.apache.catalina.startup.VersionLoggerListener.log Command line argument: -Djava.util.logging.config.file=/usr/local/tomcat/conf/logging.properties
15-Nov-2018 00:29:31.577 INFO [main] org.apache.catalina.startup.VersionLoggerListener.log Command line argument: -Djava.util.logging.manager=org.apache.juli.ClassLoaderLogManager
15-Nov-2018 00:29:31.578 INFO [main] org.apache.catalina.startup.VersionLoggerListener.log Command line argument: -Xms1024m
15-Nov-2018 00:29:31.578 INFO [main] org.apache.catalina.startup.VersionLoggerListener.log Command line argument: -Xmx1024m
15-Nov-2018 00:29:31.578 INFO [main] org.apache.catalina.startup.VersionLoggerListener.log Command line argument: -Xss8192k
15-Nov-2018 00:29:31.578 INFO [main] org.apache.catalina.startup.VersionLoggerListener.log Command line argument: -XX:PermSize=500m
15-Nov-2018 00:29:31.578 INFO [main] org.apache.catalina.startup.VersionLoggerListener.log Command line argument: -XX:CMSInitiatingOccupancyFraction=50
15-Nov-2018 00:29:31.578 INFO [main] org.apache.catalina.startup.VersionLoggerListener.log Command line argument: -XX:+ExplicitGCInvokesConcurrent
15-Nov-2018 00:29:31.578 INFO [main] org.apache.catalina.startup.VersionLoggerListener.log Command line argument: -XX:+CMSClassUnloadingEnabled
15-Nov-2018 00:29:31.578 INFO [main] org.apache.catalina.startup.VersionLoggerListener.log Command line argument: -XX:+UseConcMarkSweepGC
15-Nov-2018 00:29:31.579 INFO [main] org.apache.catalina.startup.VersionLoggerListener.log Command line argument: -XX:+UseParNewGC
15-Nov-2018 00:29:31.579 INFO [main] org.apache.catalina.startup.VersionLoggerListener.log Command line argument: -XX:NewRatio=1
15-Nov-2018 00:29:31.579 INFO [main] org.apache.catalina.startup.VersionLoggerListener.log Command line argument: -XX:SurvivorRatio=1
15-Nov-2018 00:29:31.579 INFO [main] org.apache.catalina.startup.VersionLoggerListener.log Command line argument: -Dorg.apache.cxf.JDKBugHacks.imageIO=false
15-Nov-2018 00:29:31.579 INFO [main] org.apache.catalina.startup.VersionLoggerListener.log Command line argument: -Djdk.tls.ephemeralDHKeySize=2048
15-Nov-2018 00:29:31.579 INFO [main] org.apache.catalina.startup.VersionLoggerListener.log Command line argument: -Djava.protocol.handler.pkgs=org.apache.catalina.webresources
15-Nov-2018 00:29:31.579 INFO [main] org.apache.catalina.startup.VersionLoggerListener.log Command line argument: -Dorg.apache.catalina.security.SecurityListener.UMASK=0027
15-Nov-2018 00:29:31.579 INFO [main] org.apache.catalina.startup.VersionLoggerListener.log Command line argument: -Dignore.endorsed.dirs=
15-Nov-2018 00:29:31.580 INFO [main] org.apache.catalina.startup.VersionLoggerListener.log Command line argument: -Dcatalina.base=/usr/local/tomcat
15-Nov-2018 00:29:31.580 INFO [main] org.apache.catalina.startup.VersionLoggerListener.log Command line argument: -Dcatalina.home=/usr/local/tomcat
15-Nov-2018 00:29:31.580 INFO [main] org.apache.catalina.startup.VersionLoggerListener.log Command line argument: -Djava.io.tmpdir=/usr/local/tomcat/temp
15-Nov-2018 00:29:31.580 INFO [main] org.apache.catalina.core.AprLifecycleListener.lifecycleEvent Loaded APR based Apache Tomcat Native library [1.2.18] using APR version [1.5.2].
15-Nov-2018 00:29:31.580 INFO [main] org.apache.catalina.core.AprLifecycleListener.lifecycleEvent APR capabilities: IPv6 [true], sendfile [true], accept filters [false], random [true].
15-Nov-2018 00:29:31.580 INFO [main] org.apache.catalina.core.AprLifecycleListener.lifecycleEvent APR/OpenSSL configuration: useAprConnector [false], useOpenSSL [true]
15-Nov-2018 00:29:31.585 INFO [main] org.apache.catalina.core.AprLifecycleListener.initializeSSL OpenSSL successfully initialized [OpenSSL 1.1.0f  25 May 2017]
15-Nov-2018 00:29:31.698 INFO [main] org.apache.coyote.AbstractProtocol.init Initializing ProtocolHandler ["http-nio-8080"]
15-Nov-2018 00:29:31.716 INFO [main] org.apache.tomcat.util.net.NioSelectorPool.getSharedSelector Using a shared selector for servlet write/read
15-Nov-2018 00:29:31.732 INFO [main] org.apache.coyote.AbstractProtocol.init Initializing ProtocolHandler ["ajp-nio-8009"]
15-Nov-2018 00:29:31.735 INFO [main] org.apache.tomcat.util.net.NioSelectorPool.getSharedSelector Using a shared selector for servlet write/read
15-Nov-2018 00:29:31.738 INFO [main] org.apache.catalina.startup.Catalina.load Initialization processed in 623 ms
15-Nov-2018 00:29:31.770 INFO [main] org.apache.catalina.core.StandardService.startInternal Starting service [Catalina]
15-Nov-2018 00:29:31.771 INFO [main] org.apache.catalina.core.StandardEngine.startInternal Starting Servlet Engine: Apache Tomcat/8.5.35
15-Nov-2018 00:29:31.810 INFO [localhost-startStop-1] org.apache.catalina.startup.HostConfig.deployWAR Deploying web application archive [/usr/local/tomcat/webapps/john-1.0.0-BUILD-SNAPSHOT.war]
15-Nov-2018 00:29:37.653 INFO [localhost-startStop-1] org.apache.jasper.servlet.TldScanner.scanJars At least one JAR was scanned for TLDs yet contained no TLDs. Enable debug logging for this logger for a complete list of JARs that were scanned but no TLDs were found in them. Skipping unneeded JARs during scanning can improve startup time and JSP compilation time.
15-Nov-2018 00:29:46.391 INFO [localhost-startStop-1] org.apache.catalina.startup.HostConfig.deployWAR Deployment of web application archive [/usr/local/tomcat/webapps/john-1.0.0-BUILD-SNAPSHOT.war] has finished in [14,580] ms
15-Nov-2018 00:29:46.394 INFO [localhost-startStop-1] org.apache.catalina.startup.HostConfig.deployDirectory Deploying web application directory [/usr/local/tomcat/webapps/test-classes]
15-Nov-2018 00:29:46.453 INFO [localhost-startStop-1] org.apache.catalina.startup.HostConfig.deployDirectory Deployment of web application directory [/usr/local/tomcat/webapps/test-classes] has finished in [59] ms
15-Nov-2018 00:29:46.454 INFO [localhost-startStop-1] org.apache.catalina.startup.HostConfig.deployDirectory Deploying web application directory [/usr/local/tomcat/webapps/m2e-wtp]
15-Nov-2018 00:29:46.495 INFO [localhost-startStop-1] org.apache.catalina.startup.HostConfig.deployDirectory Deployment of web application directory [/usr/local/tomcat/webapps/m2e-wtp] has finished in [41] ms
15-Nov-2018 00:29:46.496 INFO [localhost-startStop-1] org.apache.catalina.startup.HostConfig.deployDirectory Deploying web application directory [/usr/local/tomcat/webapps/classes]
15-Nov-2018 00:29:46.537 INFO [localhost-startStop-1] org.apache.catalina.startup.HostConfig.deployDirectory Deployment of web application directory [/usr/local/tomcat/webapps/classes] has finished in [41] ms
15-Nov-2018 00:29:46.537 INFO [localhost-startStop-1] org.apache.catalina.startup.HostConfig.deployDirectory Deploying web application directory [/usr/local/tomcat/webapps/maven-archiver]
15-Nov-2018 00:29:46.579 INFO [localhost-startStop-1] org.apache.catalina.startup.HostConfig.deployDirectory Deployment of web application directory [/usr/local/tomcat/webapps/maven-archiver] has finished in [42] ms
15-Nov-2018 00:29:46.589 INFO [main] org.apache.coyote.AbstractProtocol.start Starting ProtocolHandler ["http-nio-8080"]
15-Nov-2018 00:29:46.603 INFO [main] org.apache.coyote.AbstractProtocol.start Starting ProtocolHandler ["ajp-nio-8009"]
15-Nov-2018 00:29:46.608 INFO [main] org.apache.catalina.startup.Catalina.start Server startup in 14905 ms
